<?xml version="1.0" encoding="UTF-8"?>
<!-- Generated by org.testng.reporters.JUnitReportReporter -->
<testsuite skipped="0" hostname="sangegs1" name="com.training.sanity.tests.UNF_077" tests="4" failures="0" timestamp="04 Jul 2019 11:48:59 GMT" time="138.464" errors="0">
  <testcase name="createCategory" time="35.348" classname="com.training.sanity.tests.UNF_077"/>
  <testcase name="createCategory" time="34.197" classname="com.training.sanity.tests.UNF_077"/>
  <testcase name="createCategory" time="34.304" classname="com.training.sanity.tests.UNF_077"/>
  <testcase name="createCategory" time="34.615" classname="com.training.sanity.tests.UNF_077"/>
</testsuite> <!-- com.training.sanity.tests.UNF_077 -->
