<?xml version="1.0" encoding="UTF-8"?>
<!-- Generated by org.testng.reporters.JUnitReportReporter -->
<testsuite skipped="0" hostname="sangegs1" name="com.training.sanity.tests.UNF_054" tests="1" failures="0" timestamp="27 Jun 2019 06:51:35 GMT" time="65.492" errors="0">
  <testcase name="orderByAdmin" time="65.492" classname="com.training.sanity.tests.UNF_054"/>
</testsuite> <!-- com.training.sanity.tests.UNF_054 -->
