<?xml version="1.0" encoding="UTF-8"?>
<!-- Generated by org.testng.reporters.JUnitReportReporter -->
<testsuite skipped="0" hostname="sangegs1" name="com.training.sanity.tests.UNF_076" tests="4" failures="0" timestamp="04 Jul 2019 18:10:13 GMT" time="172.726" errors="0">
  <testcase name="createCategory" time="42.286" classname="com.training.sanity.tests.UNF_076"/>
  <testcase name="createCategory" time="42.833" classname="com.training.sanity.tests.UNF_076"/>
  <testcase name="createCategory" time="42.299" classname="com.training.sanity.tests.UNF_076"/>
  <testcase name="createCategory" time="45.308" classname="com.training.sanity.tests.UNF_076"/>
</testsuite> <!-- com.training.sanity.tests.UNF_076 -->
