<?xml version="1.0" encoding="UTF-8"?>
<!-- Generated by org.testng.reporters.JUnitReportReporter -->
<testsuite hostname="sangegs1" name="com.training.sanity.tests.UNF_053" tests="1" failures="0" timestamp="20 Jun 2019 18:36:40 GMT" time="14.481" errors="0">
  <testcase name="invoiceVerify" time="14.481" classname="com.training.sanity.tests.UNF_053"/>
</testsuite> <!-- com.training.sanity.tests.UNF_053 -->
