<?xml version="1.0" encoding="UTF-8"?>
<!-- Generated by org.testng.reporters.JUnitReportReporter -->
<testsuite hostname="sangegs1" name="com.training.sanity.tests.UNF_052" tests="1" failures="0" timestamp="20 Jun 2019 17:31:45 GMT" time="18.891" errors="0">
  <testcase name="rewardPointsVerify" time="18.891" classname="com.training.sanity.tests.UNF_052"/>
</testsuite> <!-- com.training.sanity.tests.UNF_052 -->
