<?xml version="1.0" encoding="UTF-8"?>
<!-- Generated by org.testng.reporters.JUnitReportReporter -->
<testsuite skipped="0" hostname="sangegs1" name="com.training.sanity.tests.UNF_078" tests="8" failures="0" timestamp="04 Jul 2019 05:58:53 GMT" time="152.973" errors="0">
  <testcase name="createCategory" time="17.466" classname="com.training.sanity.tests.UNF_078"/>
  <testcase name="createCategory" time="17.797" classname="com.training.sanity.tests.UNF_078"/>
  <testcase name="createCategory" time="16.889" classname="com.training.sanity.tests.UNF_078"/>
  <testcase name="createCategory" time="17.979" classname="com.training.sanity.tests.UNF_078"/>
  <testcase name="createProduct" time="20.747" classname="com.training.sanity.tests.UNF_078"/>
  <testcase name="createProduct" time="20.935" classname="com.training.sanity.tests.UNF_078"/>
  <testcase name="createProduct" time="20.694" classname="com.training.sanity.tests.UNF_078"/>
  <testcase name="createProduct" time="20.466" classname="com.training.sanity.tests.UNF_078"/>
</testsuite> <!-- com.training.sanity.tests.UNF_078 -->
